{"C:\\Projects\\amazon-scraper-app\\frontend\\src\\main.js": {"path":"C:\\Projects\\amazon-scraper-app\\frontend\\src\\main.js","all":false,"statementMap":{"0":{"start":{"line":1,"column":0},"end":{"line":1,"column":60}},"1":{"start":{"line":2,"column":0},"end":{"line":2,"column":50}},"2":{"start":{"line":3,"column":0},"end":{"line":3,"column":50}},"3":{"start":{"line":4,"column":0},"end":{"line":4,"column":35}},"4":{"start":{"line":5,"column":0},"end":{"line":5,"column":40}},"5":{"start":{"line":6,"column":0},"end":{"line":6,"column":30}},"7":{"start":{"line":8,"column":0},"end":{"line":8,"column":49}},"8":{"start":{"line":9,"column":0},"end":{"line":9,"column":31}},"9":{"start":{"line":10,"column":0},"end":{"line":10,"column":34}},"10":{"start":{"line":11,"column":0},"end":{"line":11,"column":29}},"12":{"start":{"line":13,"column":0},"end":{"line":13,"column":71}},"13":{"start":{"line":14,"column":0},"end":{"line":14,"column":109}},"14":{"start":{"line":15,"column":0},"end":{"line":15,"column":52}},"16":{"start":{"line":17,"column":0},"end":{"line":17,"column":32}},"17":{"start":{"line":18,"column":0},"end":{"line":18,"column":39}},"18":{"start":{"line":19,"column":0},"end":{"line":19,"column":47}},"19":{"start":{"line":20,"column":0},"end":{"line":20,"column":28}},"20":{"start":{"line":21,"column":0},"end":{"line":21,"column":31}},"21":{"start":{"line":22,"column":0},"end":{"line":22,"column":3}},"23":{"start":{"line":24,"column":0},"end":{"line":24,"column":41}},"24":{"start":{"line":25,"column":0},"end":{"line":25,"column":20}},"25":{"start":{"line":26,"column":0},"end":{"line":26,"column":51}},"26":{"start":{"line":27,"column":0},"end":{"line":27,"column":37}},"27":{"start":{"line":28,"column":0},"end":{"line":28,"column":35}},"28":{"start":{"line":29,"column":0},"end":{"line":29,"column":3}},"30":{"start":{"line":31,"column":0},"end":{"line":31,"column":50}},"31":{"start":{"line":32,"column":0},"end":{"line":32,"column":55}},"32":{"start":{"line":33,"column":0},"end":{"line":33,"column":47}},"33":{"start":{"line":34,"column":0},"end":{"line":34,"column":52}},"34":{"start":{"line":35,"column":0},"end":{"line":35,"column":33}},"35":{"start":{"line":36,"column":0},"end":{"line":36,"column":74}},"36":{"start":{"line":37,"column":0},"end":{"line":37,"column":36}},"37":{"start":{"line":38,"column":0},"end":{"line":38,"column":3}},"39":{"start":{"line":40,"column":0},"end":{"line":40,"column":36}},"40":{"start":{"line":41,"column":0},"end":{"line":41,"column":52}},"41":{"start":{"line":42,"column":0},"end":{"line":42,"column":51}},"42":{"start":{"line":43,"column":0},"end":{"line":43,"column":39}},"43":{"start":{"line":44,"column":0},"end":{"line":44,"column":34}},"45":{"start":{"line":46,"column":0},"end":{"line":46,"column":45}},"46":{"start":{"line":47,"column":0},"end":{"line":47,"column":34}},"47":{"start":{"line":48,"column":0},"end":{"line":48,"column":36}},"49":{"start":{"line":50,"column":0},"end":{"line":50,"column":19}},"50":{"start":{"line":51,"column":0},"end":{"line":51,"column":1}},"52":{"start":{"line":53,"column":0},"end":{"line":53,"column":55}},"53":{"start":{"line":54,"column":0},"end":{"line":54,"column":76}},"54":{"start":{"line":55,"column":0},"end":{"line":55,"column":91}},"55":{"start":{"line":56,"column":0},"end":{"line":56,"column":56}},"56":{"start":{"line":57,"column":0},"end":{"line":57,"column":88}},"58":{"start":{"line":59,"column":0},"end":{"line":59,"column":7}},"59":{"start":{"line":60,"column":0},"end":{"line":60,"column":64}},"60":{"start":{"line":61,"column":0},"end":{"line":61,"column":103}},"61":{"start":{"line":62,"column":0},"end":{"line":62,"column":67}},"63":{"start":{"line":64,"column":0},"end":{"line":64,"column":41}},"64":{"start":{"line":65,"column":0},"end":{"line":65,"column":29}},"65":{"start":{"line":66,"column":0},"end":{"line":66,"column":57}},"66":{"start":{"line":67,"column":0},"end":{"line":67,"column":5}},"68":{"start":{"line":69,"column":0},"end":{"line":69,"column":46}},"69":{"start":{"line":70,"column":0},"end":{"line":70,"column":23}},"70":{"start":{"line":71,"column":0},"end":{"line":71,"column":58}},"71":{"start":{"line":72,"column":0},"end":{"line":72,"column":13}},"72":{"start":{"line":73,"column":0},"end":{"line":73,"column":5}},"74":{"start":{"line":75,"column":0},"end":{"line":75,"column":37}},"75":{"start":{"line":76,"column":0},"end":{"line":76,"column":30}},"77":{"start":{"line":78,"column":0},"end":{"line":78,"column":51}},"78":{"start":{"line":79,"column":0},"end":{"line":79,"column":28}},"79":{"start":{"line":80,"column":0},"end":{"line":80,"column":49}},"80":{"start":{"line":81,"column":0},"end":{"line":81,"column":33}},"82":{"start":{"line":83,"column":0},"end":{"line":83,"column":48}},"83":{"start":{"line":84,"column":0},"end":{"line":84,"column":27}},"84":{"start":{"line":85,"column":0},"end":{"line":85,"column":26}},"86":{"start":{"line":87,"column":0},"end":{"line":87,"column":49}},"87":{"start":{"line":88,"column":0},"end":{"line":88,"column":37}},"89":{"start":{"line":90,"column":0},"end":{"line":90,"column":81}},"90":{"start":{"line":91,"column":0},"end":{"line":91,"column":117}},"91":{"start":{"line":92,"column":0},"end":{"line":92,"column":63}},"93":{"start":{"line":94,"column":0},"end":{"line":94,"column":50}},"94":{"start":{"line":95,"column":0},"end":{"line":95,"column":64}},"96":{"start":{"line":97,"column":0},"end":{"line":97,"column":44}},"97":{"start":{"line":98,"column":0},"end":{"line":98,"column":46}},"98":{"start":{"line":99,"column":0},"end":{"line":99,"column":76}},"99":{"start":{"line":100,"column":0},"end":{"line":100,"column":7}},"100":{"start":{"line":101,"column":0},"end":{"line":101,"column":17}},"101":{"start":{"line":102,"column":0},"end":{"line":102,"column":47}},"102":{"start":{"line":103,"column":0},"end":{"line":103,"column":75}},"103":{"start":{"line":104,"column":0},"end":{"line":104,"column":3}},"104":{"start":{"line":105,"column":0},"end":{"line":105,"column":3}}},"s":{"0":1,"1":1,"2":5,"3":5,"4":5,"5":5,"7":5,"8":5,"9":5,"10":5,"12":5,"13":5,"14":5,"16":5,"17":5,"18":15,"19":15,"20":15,"21":15,"23":5,"24":5,"25":2,"26":2,"27":2,"28":2,"30":5,"31":5,"32":5,"33":8,"34":8,"35":8,"36":8,"37":8,"39":5,"40":5,"41":5,"42":5,"43":5,"45":5,"46":5,"47":5,"49":5,"50":5,"52":1,"53":1,"54":1,"55":1,"56":1,"58":1,"59":1,"60":1,"61":1,"63":1,"64":1,"65":0,"66":0,"68":1,"69":1,"70":0,"71":0,"72":0,"74":1,"75":1,"77":1,"78":1,"79":2,"80":2,"82":2,"83":2,"84":2,"86":2,"87":2,"89":2,"90":2,"91":2,"93":2,"94":2,"96":2,"97":2,"98":2,"99":1,"100":1,"101":0,"102":0,"103":0,"104":1},"branchMap":{"0":{"type":"branch","line":2,"loc":{"start":{"line":2,"column":7},"end":{"line":51,"column":1}},"locations":[{"start":{"line":2,"column":7},"end":{"line":51,"column":1}}]},"1":{"type":"branch","line":14,"loc":{"start":{"line":14,"column":49},"end":{"line":14,"column":77}},"locations":[{"start":{"line":14,"column":49},"end":{"line":14,"column":77}}]},"2":{"type":"branch","line":18,"loc":{"start":{"line":18,"column":38},"end":{"line":22,"column":3}},"locations":[{"start":{"line":18,"column":38},"end":{"line":22,"column":3}}]},"3":{"type":"branch","line":25,"loc":{"start":{"line":25,"column":19},"end":{"line":29,"column":3}},"locations":[{"start":{"line":25,"column":19},"end":{"line":29,"column":3}}]},"4":{"type":"branch","line":32,"loc":{"start":{"line":32,"column":46},"end":{"line":32,"column":49}},"locations":[{"start":{"line":32,"column":46},"end":{"line":32,"column":49}}]},"5":{"type":"branch","line":32,"loc":{"start":{"line":32,"column":50},"end":{"line":32,"column":53}},"locations":[{"start":{"line":32,"column":50},"end":{"line":32,"column":53}}]},"6":{"type":"branch","line":33,"loc":{"start":{"line":33,"column":46},"end":{"line":38,"column":3}},"locations":[{"start":{"line":33,"column":46},"end":{"line":38,"column":3}}]},"7":{"type":"branch","line":54,"loc":{"start":{"line":54,"column":63},"end":{"line":105,"column":2}},"locations":[{"start":{"line":54,"column":63},"end":{"line":105,"column":2}}]},"8":{"type":"branch","line":65,"loc":{"start":{"line":65,"column":28},"end":{"line":67,"column":5}},"locations":[{"start":{"line":65,"column":28},"end":{"line":67,"column":5}}]},"9":{"type":"branch","line":70,"loc":{"start":{"line":70,"column":22},"end":{"line":73,"column":5}},"locations":[{"start":{"line":70,"column":22},"end":{"line":73,"column":5}}]},"10":{"type":"branch","line":101,"loc":{"start":{"line":101,"column":4},"end":{"line":104,"column":3}},"locations":[{"start":{"line":101,"column":4},"end":{"line":104,"column":3}}]},"11":{"type":"branch","line":79,"loc":{"start":{"line":79,"column":17},"end":{"line":100,"column":5}},"locations":[{"start":{"line":79,"column":17},"end":{"line":100,"column":5}}]},"12":{"type":"branch","line":91,"loc":{"start":{"line":91,"column":34},"end":{"line":91,"column":63}},"locations":[{"start":{"line":91,"column":34},"end":{"line":91,"column":63}}]},"13":{"type":"branch","line":91,"loc":{"start":{"line":91,"column":64},"end":{"line":91,"column":85}},"locations":[{"start":{"line":91,"column":64},"end":{"line":91,"column":85}}]},"14":{"type":"branch","line":92,"loc":{"start":{"line":92,"column":25},"end":{"line":92,"column":63}},"locations":[{"start":{"line":92,"column":25},"end":{"line":92,"column":63}}]}},"b":{"0":[5],"1":[2],"2":[15],"3":[2],"4":[2],"5":[3],"6":[8],"7":[1],"8":[0],"9":[0],"10":[0],"11":[2],"12":[1],"13":[1],"14":[1]},"fnMap":{"0":{"name":"renderStars","decl":{"start":{"line":2,"column":7},"end":{"line":51,"column":1}},"loc":{"start":{"line":2,"column":7},"end":{"line":51,"column":1}},"line":2}},"f":{"0":5}}
}
